<?xml version="1.0" encoding="UTF-8"?>
<testsuite xmlns:xsi="http://www.w3.org/2001/XMLSchema-instance" xsi:noNamespaceSchemaLocation="https://maven.apache.org/surefire/maven-surefire-plugin/xsd/surefire-test-report.xsd" version="3.0.2" name="com.tournament.library_management.LibraryManagementApplicationTests" time="0.817" tests="1" errors="0" skipped="0" failures="0">
  <properties>
[...]
</properties>
  <testcase name="contextLoads" classname="com.tournament.library_management.LibraryManagementApplicationTests" time="0.006">
    <system-out><![CDATA[2025-12-24T01:06:45.319+03:00  INFO 22392 --- [football-tournament] [           main] t.c.s.AnnotationConfigContextLoaderUtils : Could not detect default configuration classes for test class [com.tournament.library_management.LibraryManagementApplicationTests]: LibraryManagementApplicationTests does not declare any static, non-private, non-final, nested classes annotated with @Configuration.
2025-12-24T01:06:45.325+03:00  INFO 22392 --- [football-tournament] [           main] .b.t.c.SpringBootTestContextBootstrapper : Found @SpringBootConfiguration com.tournament.library_management.LibraryManagementApplication for test class com.tournament.library_management.LibraryManagementApplicationTests
2025-12-24T01:06:45.328+03:00  INFO 22392 --- [football-tournament] [           main] o.s.b.d.r.RestartApplicationListener     : Restart disabled due to context in which it is running

  .   ____          _            __ _ _
 /\\ / ___'_ __ _ _(_)_ __  __ _ \ \ \ \
( ( )\___ | '_ | '_| | '_ \/ _` | \ \ \ \
 \\/  ___)| |_)| | | | | || (_| |  ) ) ) )
  '  |____| .__|_| |_|_| |_\__, | / / / /
 =========|_|==============|___/=/_/_/_/

 :: Spring Boot ::                (v3.5.9)

2025-12-24T01:06:45.350+03:00  INFO 22392 --- [football-tournament] [           main] c.t.l.LibraryManagementApplicationTests  : Starting LibraryManagementApplicationTests using Java 17.0.12 with PID 22392 (started by egor- in E:\library-management)
2025-12-24T01:06:45.350+03:00  INFO 22392 --- [football-tournament] [           main] c.t.l.LibraryManagementApplicationTests  : No active profile set, falling back to 1 default profile: "default"
2025-12-24T01:06:45.464+03:00  INFO 22392 --- [football-tournament] [           main] .s.d.r.c.RepositoryConfigurationDelegate : Bootstrapping Spring Data JPA repositories in DEFAULT mode.
2025-12-24T01:06:45.477+03:00  INFO 22392 --- [football-tournament] [           main] .s.d.r.c.RepositoryConfigurationDelegate : Finished Spring Data repository scanning in 10 ms. Found 5 JPA repository interfaces.
2025-12-24T01:06:45.551+03:00  INFO 22392 --- [football-tournament] [           main] o.hibernate.jpa.internal.util.LogHelper  : HHH000204: Processing PersistenceUnitInfo [name: default]
2025-12-24T01:06:45.553+03:00  INFO 22392 --- [football-tournament] [           main] o.h.c.internal.RegionFactoryInitiator    : HHH000026: Second-level cache disabled
2025-12-24T01:06:45.560+03:00  INFO 22392 --- [football-tournament] [           main] o.s.o.j.p.SpringPersistenceUnitInfo      : No LoadTimeWeaver setup: ignoring JPA class transformer
2025-12-24T01:06:45.561+03:00  INFO 22392 --- [football-tournament] [           main] com.zaxxer.hikari.HikariDataSource       : HikariPool-2 - Starting...
2025-12-24T01:06:45.713+03:00  INFO 22392 --- [football-tournament] [           main] com.zaxxer.hikari.pool.HikariPool        : HikariPool-2 - Added connection com.mysql.cj.jdbc.ConnectionImpl@6990f6af
2025-12-24T01:06:45.713+03:00  INFO 22392 --- [football-tournament] [           main] com.zaxxer.hikari.HikariDataSource       : HikariPool-2 - Start completed.
2025-12-24T01:06:45.733+03:00  WARN 22392 --- [football-tournament] [           main] org.hibernate.orm.deprecation            : HHH90000025: MySQLDialect does not need to be specified explicitly using 'hibernate.dialect' (remove the property setting and it will be selected by default)
2025-12-24T01:06:45.734+03:00  INFO 22392 --- [football-tournament] [           main] org.hibernate.orm.connections.pooling    : HHH10001005: Database info:
	Database JDBC URL [Connecting through datasource 'HikariDataSource (HikariPool-2)']
	Database driver: undefined/unknown
	Database version: 9.3
	Autocommit mode: undefined/unknown
	Isolation level: undefined/unknown
	Minimum pool size: undefined/unknown
	Maximum pool size: undefined/unknown
2025-12-24T01:06:45.789+03:00  INFO 22392 --- [football-tournament] [           main] o.h.e.t.j.p.i.JtaPlatformInitiator       : HHH000489: No JTA platform available (set 'hibernate.transaction.jta.platform' to enable JTA platform integration)
2025-12-24T01:06:45.851+03:00  INFO 22392 --- [football-tournament] [           main] j.LocalContainerEntityManagerFactoryBean : Initialized JPA EntityManagerFactory for persistence unit 'default'
2025-12-24T01:06:45.879+03:00  INFO 22392 --- [football-tournament] [           main] r$InitializeUserDetailsManagerConfigurer : Global AuthenticationManager configured with UserDetailsService bean with name customUserDetailsService
2025-12-24T01:06:45.949+03:00  WARN 22392 --- [football-tournament] [           main] JpaBaseConfiguration$JpaWebConfiguration : spring.jpa.open-in-view is enabled by default. Therefore, database queries may be performed during view rendering. Explicitly configure spring.jpa.open-in-view to disable this warning
2025-12-24T01:06:46.035+03:00 DEBUG 22392 --- [football-tournament] [           main] o.s.s.web.DefaultSecurityFilterChain     : Will secure any request with filters: DisableEncodeUrlFilter, WebAsyncManagerIntegrationFilter, SecurityContextHolderFilter, HeaderWriterFilter, LogoutFilter, RequestCacheAwareFilter, SecurityContextHolderAwareRequestFilter, AnonymousAuthenticationFilter, SessionManagementFilter, ExceptionTranslationFilter, AuthorizationFilter
2025-12-24T01:06:46.127+03:00  INFO 22392 --- [football-tournament] [           main] c.t.l.LibraryManagementApplicationTests  : Started LibraryManagementApplicationTests in 0.799 seconds (process running for 5.654)
]]></system-out>
  </testcase>
</testsuite>